2023/09/16 21:59:40 [已启用本地Cookies]
2023/09/16 21:59:40 [登陆成功]
2023/09/16 21:59:45 [获得教务基础信息 —— 当前教学周为第2周]
2023/09/16 21:59:45 [学生信息已保存]
2023/09/16 21:59:49 [学生课表保存成功.]
2023/09/16 21:59:56 [学生成绩更新成功.]
2023/09/16 21:59:58 [手机慕课登陆成功]
2023/09/16 22:00:00 [慕课作业已保存到本地]
2023/09/16 22:00:02 [一卡通登陆成功]
2023/09/16 22:00:11 [房间列表已保存]
2023/09/16 22:00:11 [[工贸天河校区 工贸白云校区 工贸荔湾校区]]
2023/09/16 22:00:11 [[西区2栋 东区1栋 东区2栋 东区3栋 东区4栋 西区1栋]]
2023/09/16 22:00:11 [[X2702 X2207 X2604 X2501 X2608 X2609 X2708 X2709 X2101 X2703 X2301 X2406 X2409 X2508 X2701 X2705 X2305 X2106 X2401 X2103 X2205 X2206 X2304 X2306 X2307 X2605 X2706 X2203 X2204 X2410 X2510 X2602 X2707 X2202 X2105 X2107 X2102 X2308 X2403 X2405 X2505 X2704 X2208 X2310 X2504 X2506 X2509 X2201 X2302 X2408 X2210 X2503 X2507 X2606 X2610 X2104 X2309 X2402 X2303 X2710 X2603 X2404 X2407 X2502 X2601 X2607 X2209]]
2023/09/16 22:00:15 [查询:	工贸天河校区 西区2栋 X2702]
2023/09/16 22:00:15 [查询指定房间信息成功]
2023/09/16 22:00:15 [房间编号:X2702]
2023/09/16 22:00:15 [热水费:]
2023/09/16 22:00:15 [水费:]
2023/09/16 22:00:15 [电费107.64度]
2023/09/16 22:00:15 [更新时间:2023-09-16 21:52:47.0]
2023/09/16 22:00:15 [客户端Cookies已保存]
