2023/09/16 21:08:07 [已启用本地Cookies]
2023/09/16 21:08:07 [登陆成功]
2023/09/16 21:08:11 [获得教务基础信息 —— 当前教学周为第2周]
2023/09/16 21:08:11 [学生信息已保存]
2023/09/16 21:08:15 [学生课表保存成功.]
2023/09/16 21:08:22 [学生成绩更新成功.]
2023/09/16 21:08:24 [手机慕课登陆成功]
2023/09/16 21:08:26 [慕课作业已保存到本地]
2023/09/16 21:08:28 [一卡通登陆成功]
2023/09/16 21:08:37 [房间列表已保存]
2023/09/16 21:08:37 [[工贸荔湾校区 工贸天河校区 工贸白云校区]]
2023/09/16 21:08:37 [[荔湾5栋 荔湾3栋 荔湾4栋 荔湾6栋1号 荔湾6栋2号]]
2023/09/16 21:08:37 [[702 707 109 711 102 308 605 209 406 410 411 305 311 601 704 203 205 408 609 801 803 101 106 506 510 610 710 206 309 401 403 606 608 709 204 211 301 306 503 505 509 611 108 111 202 208 304 502 107 201 207 508 802 110 307 402 607 706 103 210 507 703 705 708 104 405 501 511 603 604 303 404 407 409 504 602 701 105 302 310]]
2023/09/16 21:08:41 [查询指定房间信息成功]
2023/09/16 21:08:41 [房间编号:5177]
2023/09/16 21:08:41 [热水费:]
2023/09/16 21:08:41 [水费:]
2023/09/16 21:08:41 [电费56.32度]
2023/09/16 21:08:41 [更新时间:]
2023/09/16 21:08:41 [客户端Cookies已保存]
